        -:    0:Source:ArquivoTeste.c
        -:    0:Graph:ArquivoTeste.gcno
        -:    0:Data:ArquivoTeste.gcda
        -:    0:Runs:1
        -:    0:Programs:1
        -:    1:/*EOF*/
        -:    2:/*EOF*/
        -:    3:/*EOF*/
        -:    4:/*EOF*/
        -:    5:/*EOF*/
        -:    6:/*EOF*/
        -:    7:/*EOF*/
        -:    8:/*EOF*/
        -:    9:/*EOF*/
        -:   10:/*EOF*/
        -:   11:/*EOF*/
        -:   12:/*EOF*/
        -:   13:/*EOF*/
        -:   14:/*EOF*/
        -:   15:/*EOF*/
        -:   16:/*EOF*/
        -:   17:/*EOF*/
        -:   18:/*EOF*/
        -:   19:/*EOF*/
        -:   20:/*EOF*/
        -:   21:/*EOF*/
        -:   22:/*EOF*/
        -:   23:/*EOF*/
        -:   24:/*EOF*/
        -:   25:/*EOF*/
        -:   26:/*EOF*/
        -:   27:/*EOF*/
        -:   28:/*EOF*/
        -:   29:/*EOF*/
        -:   30:/*EOF*/
        -:   31:/*EOF*/
        -:   32:/*EOF*/
        -:   33:/*EOF*/
        -:   34:/*EOF*/
        -:   35:/*EOF*/
        -:   36:/*EOF*/
        -:   37:/*EOF*/
        -:   38:/*EOF*/
        -:   39:/*EOF*/
        -:   40:/*EOF*/
        -:   41:/*EOF*/
        -:   42:/*EOF*/
        -:   43:/*EOF*/
        -:   44:/*EOF*/
        -:   45:/*EOF*/
        -:   46:/*EOF*/
        -:   47:/*EOF*/
        -:   48:/*EOF*/
        -:   49:/*EOF*/
        -:   50:/*EOF*/
        -:   51:/*EOF*/
        -:   52:/*EOF*/
        -:   53:/*EOF*/
        -:   54:/*EOF*/
        -:   55:/*EOF*/
        -:   56:/*EOF*/
        -:   57:/*EOF*/
        -:   58:/*EOF*/
        -:   59:/*EOF*/
        -:   60:/*EOF*/
        -:   61:/*EOF*/
        -:   62:/*EOF*/
        -:   63:/*EOF*/
        -:   64:/*EOF*/
        -:   65:/*EOF*/
        -:   66:/*EOF*/
        -:   67:/*EOF*/
        -:   68:/*EOF*/
        -:   69:/*EOF*/
        -:   70:/*EOF*/
        -:   71:/*EOF*/
        -:   72:/*EOF*/
        -:   73:/*EOF*/
        -:   74:/*EOF*/
        -:   75:/*EOF*/
        -:   76:/*EOF*/
        -:   77:/*EOF*/
        -:   78:/*EOF*/
        -:   79:/*EOF*/
        -:   80:/*EOF*/
        -:   81:/*EOF*/
        -:   82:/*EOF*/
        -:   83:/*EOF*/
        -:   84:/*EOF*/
        -:   85:/*EOF*/
        -:   86:/*EOF*/
        -:   87:/*EOF*/
        -:   88:/*EOF*/
        -:   89:/*EOF*/
        -:   90:/*EOF*/
        -:   91:/*EOF*/
        -:   92:/*EOF*/
        -:   93:/*EOF*/
        -:   94:/*EOF*/
        -:   95:/*EOF*/
        -:   96:/*EOF*/
        -:   97:/*EOF*/
        -:   98:/*EOF*/
        -:   99:/*EOF*/
        -:  100:/*EOF*/
        -:  101:/*EOF*/
        -:  102:/*EOF*/
        -:  103:/*EOF*/
        -:  104:/*EOF*/
        -:  105:/*EOF*/
        -:  106:/*EOF*/
        -:  107:/*EOF*/
        -:  108:/*EOF*/
        -:  109:/*EOF*/
        -:  110:/*EOF*/
        -:  111:/*EOF*/
        -:  112:/*EOF*/
        -:  113:/*EOF*/
        -:  114:/*EOF*/
        -:  115:/*EOF*/
        -:  116:/*EOF*/
        -:  117:/*EOF*/
        -:  118:/*EOF*/
        -:  119:/*EOF*/
        -:  120:/*EOF*/
        -:  121:/*EOF*/
        -:  122:/*EOF*/
        -:  123:/*EOF*/
        -:  124:/*EOF*/
        -:  125:/*EOF*/
        -:  126:/*EOF*/
        -:  127:/*EOF*/
        -:  128:/*EOF*/
        -:  129:/*EOF*/
        -:  130:/*EOF*/
        -:  131:/*EOF*/
        -:  132:/*EOF*/
        -:  133:/*EOF*/
        -:  134:/*EOF*/
        -:  135:/*EOF*/
        -:  136:/*EOF*/
        -:  137:/*EOF*/
        -:  138:/*EOF*/
        -:  139:/*EOF*/
        -:  140:/*EOF*/
        -:  141:/*EOF*/
        -:  142:/*EOF*/
        -:  143:/*EOF*/
        -:  144:/*EOF*/
        -:  145:/*EOF*/
        -:  146:/*EOF*/
        -:  147:/*EOF*/
        -:  148:/*EOF*/
        -:  149:/*EOF*/
        -:  150:/*EOF*/
        -:  151:/*EOF*/
        -:  152:/*EOF*/
        -:  153:/*EOF*/
        -:  154:/*EOF*/
        -:  155:/*EOF*/
        -:  156:/*EOF*/
        -:  157:/*EOF*/
        -:  158:/*EOF*/
        -:  159:/*EOF*/
        -:  160:/*EOF*/
        -:  161:/*EOF*/
        -:  162:/*EOF*/
        2:  163:/*EOF*/
        -:  164:/*EOF*/
        -:  165:/*EOF*/
        2:  166:/*EOF*/
        4:  167:/*EOF*/
        2:  168:/*EOF*/
        2:  169:/*EOF*/
        -:  170:/*EOF*/
    #####:  171:/*EOF*/
        -:  172:/*EOF*/
        -:  173:/*EOF*/
    #####:  174:/*EOF*/
        -:  175:/*EOF*/
        -:  176:/*EOF*/
        1:  177:/*EOF*/
        -:  178:/*EOF*/
        1:  179:/*EOF*/
        -:  180:/*EOF*/
        1:  181:/*EOF*/
        3:  182:/*EOF*/
        1:  183:/*EOF*/
    #####:  184:/*EOF*/
        -:  185:/*EOF*/
        1:  186:/*EOF*/
        -:  187:/*EOF*/
        1:  188:/*EOF*/
        -:  189:/*EOF*/
        -:  190:/*EOF*/
        -:  191:/*EOF*/
        1:  192:/*EOF*/
        -:  193:/*EOF*/
        -:  194:/*EOF*/
        -:  195:/*EOF*/
        -:  196:/*EOF*/
        1:  197:/*EOF*/
        1:  198:/*EOF*/
        3:  199:/*EOF*/
        1:  200:/*EOF*/
        1:  201:/*EOF*/
        3:  202:/*EOF*/
        1:  203:/*EOF*/
        -:  204:/*EOF*/
        1:  205:/*EOF*/
        -:  206:/*EOF*/
        -:  207:/*EOF*/
    #####:  208:/*EOF*/
    #####:  209:/*EOF*/
    #####:  210:/*EOF*/
    #####:  211:/*EOF*/
    #####:  212:/*EOF*/
    #####:  213:/*EOF*/
    #####:  214:/*EOF*/
        -:  215:/*EOF*/
    #####:  216:/*EOF*/
    #####:  217:/*EOF*/
    #####:  218:/*EOF*/
        -:  219:/*EOF*/
    #####:  220:/*EOF*/
    #####:  221:/*EOF*/
    #####:  222:/*EOF*/
        -:  223:/*EOF*/
        -:  224:/*EOF*/
        -:  225:/*EOF*/
        -:  226:/*EOF*/
        1:  227:/*EOF*/
        -:  228:/*EOF*/
        1:  229:/*EOF*/
        -:  230:/*EOF*/
        -:  231:/*EOF*/
        1:  232:/*EOF*/
    #####:  233:/*EOF*/
    #####:  234:/*EOF*/
    #####:  235:/*EOF*/
    #####:  236:/*EOF*/
        -:  237:/*EOF*/
    #####:  238:/*EOF*/
    #####:  239:/*EOF*/
    #####:  240:/*EOF*/
    #####:  241:/*EOF*/
    #####:  242:/*EOF*/
        -:  243:/*EOF*/
    #####:  244:/*EOF*/
        -:  245:/*EOF*/
    #####:  246:/*EOF*/
        -:  247:/*EOF*/
        -:  248:/*EOF*/
        1:  249:/*EOF*/
        -:  250:/*EOF*/
        -:  251:/*EOF*/
        -:  252:/*EOF*/
        1:  253:/*EOF*/
        -:  254:/*EOF*/
        -:  255:/*EOF*/
        -:  256:/*EOF*/
        -:  257:/*EOF*/
        -:  258:/*EOF*/
        1:  259:/*EOF*/
    #####:  260:/*EOF*/
    #####:  261:/*EOF*/
        -:  262:/*EOF*/
    #####:  263:/*EOF*/
        -:  264:/*EOF*/
        -:  265:/*EOF*/
    #####:  266:/*EOF*/
    #####:  267:/*EOF*/
    #####:  268:/*EOF*/
    #####:  269:/*EOF*/
    #####:  270:/*EOF*/
    #####:  271:/*EOF*/
    #####:  272:/*EOF*/
    #####:  273:/*EOF*/
    #####:  274:/*EOF*/
    #####:  275:/*EOF*/
    #####:  276:/*EOF*/
    #####:  277:/*EOF*/
        -:  278:/*EOF*/
        -:  279:/*EOF*/
    #####:  280:/*EOF*/
    #####:  281:/*EOF*/
    #####:  282:/*EOF*/
    #####:  283:/*EOF*/
        -:  284:/*EOF*/
    #####:  285:/*EOF*/
        -:  286:/*EOF*/
    #####:  287:/*EOF*/
        -:  288:/*EOF*/
        -:  289:/*EOF*/
        -:  290:/*EOF*/
        -:  291:/*EOF*/
        1:  292:/*EOF*/
        -:  293:/*EOF*/
        1:  294:/*EOF*/
        1:  295:/*EOF*/
        -:  296:/*EOF*/
        -:  297:/*EOF*/
        -:  298:/*EOF*/
        2:  299:/*EOF*/
        -:  300:/*EOF*/
        2:  301:/*EOF*/
        -:  302:/*EOF*/
        2:  303:/*EOF*/
        2:  304:/*EOF*/
        2:  305:/*EOF*/
        2:  306:/*EOF*/
       56:  307:/*EOF*/
       52:  308:/*EOF*/
       52:  309:/*EOF*/
        -:  310:/*EOF*/
        2:  311:/*EOF*/
        -:  312:/*EOF*/
        -:  313:/*EOF*/
        -:  314:/*EOF*/
        -:  315:/*EOF*/
        1:  316:/*EOF*/
        -:  317:/*EOF*/
        -:  318:/*EOF*/
        1:  319:/*EOF*/
        1:  320:/*EOF*/
    #####:  321:/*EOF*/
        -:  322:/*EOF*/
        -:  323:/*EOF*/
        -:  324:/*EOF*/
        1:  325:/*EOF*/
        1:  326:/*EOF*/
        -:  327:/*EOF*/
        1:  328:/*EOF*/
        -:  329:/*EOF*/
        -:  330:/*EOF*/
        -:  331:/*EOF*/
        2:  332:/*EOF*/
        -:  333:/*EOF*/
        -:  334:/*EOF*/
        2:  335:/*EOF*/
        6:  336:/*EOF*/
        2:  337:/*EOF*/
        2:  338:/*EOF*/
        2:  339:/*EOF*/
        2:  340:/*EOF*/
        -:  341:/*EOF*/
        2:  342:/*EOF*/
    #####:  343:/*EOF*/
    #####:  344:/*EOF*/
    #####:  345:/*EOF*/
        -:  346:/*EOF*/
        2:  347:/*EOF*/
    #####:  348:/*EOF*/
    #####:  349:/*EOF*/
    #####:  350:/*EOF*/
        -:  351:/*EOF*/
        2:  352:/*EOF*/
    #####:  353:/*EOF*/
    #####:  354:/*EOF*/
        -:  355:/*EOF*/
        2:  356:/*EOF*/
        -:  357:/*EOF*/
        -:  358:/*EOF*/
    #####:  359:/*EOF*/
        -:  360:/*EOF*/
        -:  361:/*EOF*/
        2:  362:/*EOF*/
        2:  363:/*EOF*/
        -:  364:/*EOF*/
    #####:  365:/*EOF*/
        -:  366:/*EOF*/
        2:  367:/*EOF*/
        -:  368:/*EOF*/
        -:  369:/*EOF*/
        -:  370:/*EOF*/
        2:  371:/*EOF*/
        -:  372:/*EOF*/
        -:  373:/*EOF*/
        -:  374:/*EOF*/
        -:  375:/*EOF*/
        -:  376:/*EOF*/
        2:  377:/*EOF*/
        2:  378:/*EOF*/
        -:  379:/*EOF*/
        2:  380:/*EOF*/
        2:  381:/*EOF*/
        2:  382:/*EOF*/
        2:  383:/*EOF*/
        2:  384:/*EOF*/
        2:  385:/*EOF*/
        2:  386:/*EOF*/
        2:  387:/*EOF*/
        2:  388:/*EOF*/
        2:  389:/*EOF*/
        2:  390:/*EOF*/
        -:  391:/*EOF*/
        2:  392:/*EOF*/
        2:  393:/*EOF*/
        2:  394:/*EOF*/
        2:  395:/*EOF*/
        -:  396:/*EOF*/
    #####:  397:/*EOF*/
    #####:  398:/*EOF*/
    #####:  399:/*EOF*/
        -:  400:/*EOF*/
    #####:  401:/*EOF*/
    #####:  402:/*EOF*/
    #####:  403:/*EOF*/
        -:  404:/*EOF*/
        -:  405:/*EOF*/
        2:  406:/*EOF*/
        -:  407:/*EOF*/
        2:  408:/*EOF*/
        2:  409:/*EOF*/
    #####:  410:/*EOF*/
        -:  411:/*EOF*/
        2:  412:/*EOF*/
        2:  413:/*EOF*/
        2:  414:/*EOF*/
        2:  415:/*EOF*/
        2:  416:/*EOF*/
        -:  417:/*EOF*/
        2:  418:/*EOF*/
        -:  419:/*EOF*/
        -:  420:/*EOF*/
        2:  421:/*EOF*/
        -:  422:/*EOF*/
        -:  423:/*EOF*/
        -:  424:/*EOF*/
        -:  425:/*EOF*/
        2:  426:/*EOF*/
        2:  427:/*EOF*/
        -:  428:/*EOF*/
        2:  429:/*EOF*/
        6:  430:/*EOF*/
        2:  431:/*EOF*/
        -:  432:/*EOF*/
        -:  433:/*EOF*/
        2:  434:/*EOF*/
        2:  435:/*EOF*/
        2:  436:/*EOF*/
        2:  437:/*EOF*/
        2:  438:/*EOF*/
        2:  439:/*EOF*/
        2:  440:/*EOF*/
        2:  441:/*EOF*/
        2:  442:/*EOF*/
        2:  443:/*EOF*/
        -:  444:/*EOF*/
    #####:  445:/*EOF*/
    #####:  446:/*EOF*/
    #####:  447:/*EOF*/
        -:  448:/*EOF*/
    #####:  449:/*EOF*/
    #####:  450:/*EOF*/
    #####:  451:/*EOF*/
        -:  452:/*EOF*/
        -:  453:/*EOF*/
        -:  454:/*EOF*/
        2:  455:/*EOF*/
        -:  456:/*EOF*/
        -:  457:/*EOF*/
        2:  458:/*EOF*/
        -:  459:/*EOF*/
        -:  460:/*EOF*/
        -:  461:/*EOF*/
        -:  462:/*EOF*/
        1:  463:/*EOF*/
        1:  464:/*EOF*/
        -:  465:/*EOF*/
        -:  466:/*EOF*/
        1:  467:/*EOF*/
        3:  468:/*EOF*/
        5:  469:/*EOF*/
        4:  470:/*EOF*/
        1:  471:/*EOF*/
        6:  472:/*EOF*/
        4:  473:/*EOF*/
        -:  474:/*EOF*/
        1:  475:/*EOF*/
        -:  476:/*EOF*/
        -:  477:/*EOF*/
        1:  478:/*EOF*/
        1:  479:/*EOF*/
        1:  480:/*EOF*/
        1:  481:/*EOF*/
        1:  482:/*EOF*/
        1:  483:/*EOF*/
        1:  484:/*EOF*/
        1:  485:/*EOF*/
        1:  486:/*EOF*/
        1:  487:/*EOF*/
        -:  488:/*EOF*/
    #####:  489:/*EOF*/
    #####:  490:/*EOF*/
    #####:  491:/*EOF*/
        -:  492:/*EOF*/
    #####:  493:/*EOF*/
    #####:  494:/*EOF*/
    #####:  495:/*EOF*/
        -:  496:/*EOF*/
        -:  497:/*EOF*/
        -:  498:/*EOF*/
        -:  499:/*EOF*/
        -:  500:/*EOF*/
        1:  501:/*EOF*/
        -:  502:/*EOF*/
        -:  503:/*EOF*/
        1:  504:/*EOF*/
        -:  505:/*EOF*/
        -:  506:/*EOF*/
        -:  507:/*EOF*/
        -:  508:/*EOF*/
    #####:  509:/*EOF*/
    #####:  510:/*EOF*/
        -:  511:/*EOF*/
        -:  512:/*EOF*/
    #####:  513:/*EOF*/
    #####:  514:/*EOF*/
    #####:  515:/*EOF*/
    #####:  516:/*EOF*/
    #####:  517:/*EOF*/
    #####:  518:/*EOF*/
        -:  519:/*EOF*/
        -:  520:/*EOF*/
    #####:  521:/*EOF*/
    #####:  522:/*EOF*/
    #####:  523:/*EOF*/
    #####:  524:/*EOF*/
    #####:  525:/*EOF*/
    #####:  526:/*EOF*/
    #####:  527:/*EOF*/
    #####:  528:/*EOF*/
    #####:  529:/*EOF*/
    #####:  530:/*EOF*/
        -:  531:/*EOF*/
    #####:  532:/*EOF*/
    #####:  533:/*EOF*/
    #####:  534:/*EOF*/
        -:  535:/*EOF*/
    #####:  536:/*EOF*/
    #####:  537:/*EOF*/
    #####:  538:/*EOF*/
        -:  539:/*EOF*/
        -:  540:/*EOF*/
        -:  541:/*EOF*/
    #####:  542:/*EOF*/
        -:  543:/*EOF*/
    #####:  544:/*EOF*/
        -:  545:/*EOF*/
        -:  546:/*EOF*/
    #####:  547:/*EOF*/
        -:  548:/*EOF*/
        -:  549:/*EOF*/
    #####:  550:/*EOF*/
        -:  551:/*EOF*/
        -:  552:/*EOF*/
        -:  553:/*EOF*/
        6:  554:/*EOF*/
        6:  555:/*EOF*/
        -:  556:/*EOF*/
        6:  557:/*EOF*/
        6:  558:/*EOF*/
        6:  559:/*EOF*/
        2:  560:/*EOF*/
        -:  561:/*EOF*/
        -:  562:/*EOF*/
        2:  563:/*EOF*/
        2:  564:/*EOF*/
        2:  565:/*EOF*/
        2:  566:/*EOF*/
        2:  567:/*EOF*/
        2:  568:/*EOF*/
        2:  569:/*EOF*/
        2:  570:/*EOF*/
        2:  571:/*EOF*/
        2:  572:/*EOF*/
        -:  573:/*EOF*/
    #####:  574:/*EOF*/
    #####:  575:/*EOF*/
    #####:  576:/*EOF*/
        -:  577:/*EOF*/
    #####:  578:/*EOF*/
    #####:  579:/*EOF*/
    #####:  580:/*EOF*/
        -:  581:/*EOF*/
        -:  582:/*EOF*/
        2:  583:/*EOF*/
        -:  584:/*EOF*/
        -:  585:/*EOF*/
        -:  586:/*EOF*/
        6:  587:/*EOF*/
        -:  588:/*EOF*/
        -:  589:/*EOF*/
        -:  590:/*EOF*/
        4:  591:/*EOF*/
        4:  592:/*EOF*/
        3:  593:/*EOF*/
        -:  594:/*EOF*/
        -:  595:/*EOF*/
        -:  596:/*EOF*/
        1:  597:/*EOF*/
        -:  598:/*EOF*/
        -:  599:/*EOF*/
        -:  600:/*EOF*/
        -:  601:/*EOF*/
        4:  602:/*EOF*/
        -:  603:/*EOF*/
        -:  604:/*EOF*/
        -:  605:/*EOF*/
        -:  606:/*EOF*/
        4:  607:/*EOF*/
        4:  608:/*EOF*/
        4:  609:/*EOF*/
        4:  610:/*EOF*/
        2:  611:/*EOF*/
        6:  612:/*EOF*/
        2:  613:/*EOF*/
        2:  614:/*EOF*/
        2:  615:/*EOF*/
        -:  616:/*EOF*/
        2:  617:/*EOF*/
        -:  618:/*EOF*/
        4:  619:/*EOF*/
    #####:  620:/*EOF*/
    #####:  621:/*EOF*/
        -:  622:/*EOF*/
        4:  623:/*EOF*/
        1:  624:/*EOF*/
        1:  625:/*EOF*/
        -:  626:/*EOF*/
        4:  627:/*EOF*/
        3:  628:/*EOF*/
        -:  629:/*EOF*/
        4:  630:/*EOF*/
    #####:  631:/*EOF*/
        -:  632:/*EOF*/
        4:  633:/*EOF*/
        4:  634:/*EOF*/
        -:  635:/*EOF*/
        4:  636:/*EOF*/
        -:  637:/*EOF*/
        -:  638:/*EOF*/
        -:  639:/*EOF*/
       20:  640:/*EOF*/
       20:  641:/*EOF*/
        -:  642:/*EOF*/
        -:  643:/*EOF*/
       20:  644:/*EOF*/
       20:  645:/*EOF*/
      182:  646:/*EOF*/
      154:  647:/*EOF*/
      324:  648:/*EOF*/
        -:  649:/*EOF*/
       16:  650:/*EOF*/
       16:  651:/*EOF*/
       16:  652:/*EOF*/
       16:  653:/*EOF*/
       14:  654:/*EOF*/
       14:  655:/*EOF*/
       14:  656:/*EOF*/
        -:  657:/*EOF*/
        2:  658:/*EOF*/
        4:  659:/*EOF*/
    #####:  660:/*EOF*/
        -:  661:/*EOF*/
        2:  662:/*EOF*/
        2:  663:/*EOF*/
        2:  664:/*EOF*/
        -:  665:/*EOF*/
        -:  666:/*EOF*/
       16:  667:/*EOF*/
       16:  668:/*EOF*/
        -:  669:/*EOF*/
      154:  670:/*EOF*/
        -:  671:/*EOF*/
        -:  672:/*EOF*/
       20:  673:/*EOF*/
        -:  674:/*EOF*/
        -:  675:/*EOF*/
        -:  676:/*EOF*/
        1:  677:/*EOF*/
        -:  678:/*EOF*/
        -:  679:/*EOF*/
        -:  680:/*EOF*/
        -:  681:/*EOF*/
        1:  682:/*EOF*/
       27:  683:/*EOF*/
       26:  684:/*EOF*/
       54:  685:/*EOF*/
        2:  686:/*EOF*/
        2:  687:/*EOF*/
        -:  688:/*EOF*/
        -:  689:/*EOF*/
        1:  690:/*EOF*/
        1:  691:/*EOF*/
        1:  692:/*EOF*/
        1:  693:/*EOF*/
        -:  694:/*EOF*/
        1:  695:/*EOF*/
        -:  696:/*EOF*/
        -:  697:/*EOF*/
        2:  698:/*EOF*/
        2:  699:/*EOF*/
        -:  700:/*EOF*/
        -:  701:/*EOF*/
        2:  702:/*EOF*/
        2:  703:/*EOF*/
       56:  704:/*EOF*/
       52:  705:/*EOF*/
        3:  706:/*EOF*/
        3:  707:/*EOF*/
       10:  708:/*EOF*/
        4:  709:/*EOF*/
        4:  710:/*EOF*/
        4:  711:/*EOF*/
        4:  712:/*EOF*/
        -:  713:/*EOF*/
        -:  714:/*EOF*/
        -:  715:/*EOF*/
       49:  716:/*EOF*/
        -:  717:/*EOF*/
       52:  718:/*EOF*/
        -:  719:/*EOF*/
        -:  720:/*EOF*/
    #####:  721:/*EOF*/
        -:  722:/*EOF*/
        2:  723:/*EOF*/
        -:  724:/*EOF*/
        -:  725:/*EOF*/
       10:  726:/*EOF*/
        -:  727:/*EOF*/
        -:  728:/*EOF*/
       10:  729:/*EOF*/
       10:  730:/*EOF*/
       18:  731:/*EOF*/
        6:  732:/*EOF*/
        6:  733:/*EOF*/
        6:  734:/*EOF*/
        -:  735:/*EOF*/
        -:  736:/*EOF*/
        -:  737:/*EOF*/
        4:  738:/*EOF*/
        -:  739:/*EOF*/
       10:  740:/*EOF*/
        -:  741:/*EOF*/
        -:  742:/*EOF*/
       12:  743:/*EOF*/
        -:  744:/*EOF*/
        -:  745:/*EOF*/
       12:  746:/*EOF*/
       12:  747:/*EOF*/
        4:  748:/*EOF*/
        -:  749:/*EOF*/
        -:  750:/*EOF*/
        8:  751:/*EOF*/
       26:  752:/*EOF*/
       10:  753:/*EOF*/
       10:  754:/*EOF*/
        -:  755:/*EOF*/
        8:  756:/*EOF*/
        -:  757:/*EOF*/
       12:  758:/*EOF*/
        -:  759:/*EOF*/
        -:  760:/*EOF*/
        -:  761:/*EOF*/
       14:  762:/*EOF*/
        -:  763:/*EOF*/
       14:  764:/*EOF*/
        -:  765:/*EOF*/
        -:  766:/*EOF*/
       14:  767:/*EOF*/
       14:  768:/*EOF*/
       45:  769:/*EOF*/
       17:  770:/*EOF*/
       12:  771:/*EOF*/
       12:  772:/*EOF*/
        -:  773:/*EOF*/
       17:  774:/*EOF*/
        -:  775:/*EOF*/
       14:  776:/*EOF*/
        -:  777:/*EOF*/
       12:  778:/*EOF*/
        -:  779:/*EOF*/
        -:  780:/*EOF*/
        -:  781:/*EOF*/
        2:  782:/*EOF*/
        -:  783:/*EOF*/
        -:  784:/*EOF*/
        -:  785:/*EOF*/
        -:  786:/*EOF*/
        -:  787:/*EOF*/
        4:  788:/*EOF*/
        -:  789:/*EOF*/
        4:  790:/*EOF*/
        -:  791:/*EOF*/
        -:  792:/*EOF*/
        -:  793:/*EOF*/
        4:  794:/*EOF*/
        4:  795:/*EOF*/
        4:  796:/*EOF*/
        -:  797:/*EOF*/
        4:  798:/*EOF*/
        4:  799:/*EOF*/
       12:  800:/*EOF*/
        4:  801:/*EOF*/
        4:  802:/*EOF*/
        4:  803:/*EOF*/
        -:  804:/*EOF*/
        4:  805:/*EOF*/
        -:  806:/*EOF*/
        4:  807:/*EOF*/
        -:  808:/*EOF*/
        4:  809:/*EOF*/
        -:  810:/*EOF*/
        -:  811:/*EOF*/
        -:  812:/*EOF*/
    #####:  813:/*EOF*/
        -:  814:/*EOF*/
        -:  815:/*EOF*/
        -:  816:/*EOF*/
        -:  817:/*EOF*/
        6:  818:/*EOF*/
        -:  819:/*EOF*/
        -:  820:/*EOF*/
        -:  821:/*EOF*/
        6:  822:/*EOF*/
        6:  823:/*EOF*/
        6:  824:/*EOF*/
       18:  825:/*EOF*/
        6:  826:/*EOF*/
        6:  827:/*EOF*/
        6:  828:/*EOF*/
        6:  829:/*EOF*/
        -:  830:/*EOF*/
        6:  831:/*EOF*/
    #####:  832:/*EOF*/
    #####:  833:/*EOF*/
    #####:  834:/*EOF*/
        -:  835:/*EOF*/
        6:  836:/*EOF*/
    #####:  837:/*EOF*/
    #####:  838:/*EOF*/
    #####:  839:/*EOF*/
        -:  840:/*EOF*/
        6:  841:/*EOF*/
        6:  842:/*EOF*/
        -:  843:/*EOF*/
        -:  844:/*EOF*/
    #####:  845:/*EOF*/
        -:  846:/*EOF*/
        -:  847:/*EOF*/
        6:  848:/*EOF*/
        3:  849:/*EOF*/
        -:  850:/*EOF*/
        -:  851:/*EOF*/
    #####:  852:/*EOF*/
        -:  853:/*EOF*/
        6:  854:/*EOF*/
        -:  855:/*EOF*/
        -:  856:/*EOF*/
        6:  857:/*EOF*/
        -:  858:/*EOF*/
        -:  859:/*EOF*/
        -:  860:/*EOF*/
        6:  861:/*EOF*/
        -:  862:/*EOF*/
        6:  863:/*EOF*/
        6:  864:/*EOF*/
        6:  865:/*EOF*/
        6:  866:/*EOF*/
        6:  867:/*EOF*/
        6:  868:/*EOF*/
        6:  869:/*EOF*/
        6:  870:/*EOF*/
        -:  871:/*EOF*/
        -:  872:/*EOF*/
    #####:  873:/*EOF*/
    #####:  874:/*EOF*/
    #####:  875:/*EOF*/
        -:  876:/*EOF*/
    #####:  877:/*EOF*/
    #####:  878:/*EOF*/
    #####:  879:/*EOF*/
        -:  880:/*EOF*/
        -:  881:/*EOF*/
        6:  882:/*EOF*/
        6:  883:/*EOF*/
        3:  884:/*EOF*/
        -:  885:/*EOF*/
        -:  886:/*EOF*/
    #####:  887:/*EOF*/
        -:  888:/*EOF*/
        6:  889:/*EOF*/
        -:  890:/*EOF*/
        -:  891:/*EOF*/
        -:  892:/*EOF*/
       38:  893:/*EOF*/
       38:  894:/*EOF*/
        -:  895:/*EOF*/
      572:  896:/*EOF*/
      496:  897:/*EOF*/
       38:  898:/*EOF*/
       38:  899:/*EOF*/
        -:  900:/*EOF*/
        -:  901:/*EOF*/
      458:  902:/*EOF*/
        -:  903:/*EOF*/
        -:  904:/*EOF*/
       38:  905:/*EOF*/
        -:  906:/*EOF*/
        -:  907:/*EOF*/
        -:  908:/*EOF*/
        -:  909:/*EOF*/
    #####:  910:/*EOF*/
        -:  911:/*EOF*/
        -:  912:/*EOF*/
        -:  913:/*EOF*/
    #####:  914:/*EOF*/
    #####:  915:/*EOF*/
    #####:  916:/*EOF*/
    #####:  917:/*EOF*/
    #####:  918:/*EOF*/
    #####:  919:/*EOF*/
    #####:  920:/*EOF*/
        -:  921:/*EOF*/
    #####:  922:/*EOF*/
        -:  923:/*EOF*/
    #####:  924:/*EOF*/
        -:  925:/*EOF*/
        -:  926:/*EOF*/
        -:  927:/*EOF*/
        -:  928:/*EOF*/
    #####:  929:/*EOF*/
    #####:  930:/*EOF*/
        -:  931:/*EOF*/
    #####:  932:/*EOF*/
        -:  933:/*EOF*/
        -:  934:/*EOF*/
        -:  935:/*EOF*/
        -:  936:/*EOF*/
    #####:  937:/*EOF*/
    #####:  938:/*EOF*/
        -:  939:/*EOF*/
    #####:  940:/*EOF*/
        -:  941:/*EOF*/
        -:  942:/*EOF*/
        -:  943:/*EOF*/
        -:  944:/*EOF*/
    #####:  945:/*EOF*/
    #####:  946:/*EOF*/
        -:  947:/*EOF*/
    #####:  948:/*EOF*/
        -:  949:/*EOF*/
        -:  950:/*EOF*/
        -:  951:/*EOF*/
        -:  952:/*EOF*/
        7:  953:/*EOF*/
        7:  954:/*EOF*/
        -:  955:/*EOF*/
        7:  956:/*EOF*/
        7:  957:/*EOF*/
        -:  958:/*EOF*/
        -:  959:/*EOF*/
        -:  960:/*EOF*/
       23:  961:/*EOF*/
        9:  962:/*EOF*/
        9:  963:/*EOF*/
        9:  964:/*EOF*/
        9:  965:/*EOF*/
        9:  966:/*EOF*/
        2:  967:/*EOF*/
        2:  968:/*EOF*/
        -:  969:/*EOF*/
        -:  970:/*EOF*/
        7:  971:/*EOF*/
       23:  972:/*EOF*/
        9:  973:/*EOF*/
        9:  974:/*EOF*/
        9:  975:/*EOF*/
        9:  976:/*EOF*/
        9:  977:/*EOF*/
        9:  978:/*EOF*/
        9:  979:/*EOF*/
        9:  980:/*EOF*/
        9:  981:/*EOF*/
        9:  982:/*EOF*/
        9:  983:/*EOF*/
        9:  984:/*EOF*/
        9:  985:/*EOF*/
        -:  986:/*EOF*/
        1:  987:/*EOF*/
        1:  988:/*EOF*/
        1:  989:/*EOF*/
        1:  990:/*EOF*/
        1:  991:/*EOF*/
        3:  992:/*EOF*/
        1:  993:/*EOF*/
        1:  994:/*EOF*/
        1:  995:/*EOF*/
        -:  996:/*EOF*/
        1:  997:/*EOF*/
        1:  998:/*EOF*/
        -:  999:/*EOF*/
        1: 1000:/*EOF*/
        -: 1001:/*EOF*/
        -: 1002:/*EOF*/
        1: 1003:/*EOF*/
        1: 1004:/*EOF*/
        1: 1005:/*EOF*/
        -: 1006:/*EOF*/
        1: 1007:/*EOF*/
        1: 1008:/*EOF*/
        -: 1009:/*EOF*/
        -: 1010:/*EOF*/
        1: 1011:/*EOF*/
        1: 1012:/*EOF*/
        1: 1013:/*EOF*/
        -: 1014:/*EOF*/
        1: 1015:/*EOF*/
        1: 1016:/*EOF*/
        -: 1017:/*EOF*/
        -: 1018:/*EOF*/
        1: 1019:/*EOF*/
        1: 1020:/*EOF*/
        1: 1021:/*EOF*/
        -: 1022:/*EOF*/
        1: 1023:/*EOF*/
        1: 1024:/*EOF*/
        -: 1025:/*EOF*/
        -: 1026:/*EOF*/
        1: 1027:/*EOF*/
        7: 1028:/*EOF*/
        5: 1029:/*EOF*/
        5: 1030:/*EOF*/
        5: 1031:/*EOF*/
        5: 1032:/*EOF*/
        5: 1033:/*EOF*/
        5: 1034:/*EOF*/
        5: 1035:/*EOF*/
        5: 1036:/*EOF*/
        5: 1037:/*EOF*/
        4: 1038:/*EOF*/
        4: 1039:/*EOF*/
        4: 1040:/*EOF*/
        4: 1041:/*EOF*/
        4: 1042:/*EOF*/
        4: 1043:/*EOF*/
        2: 1044:/*EOF*/
        2: 1045:/*EOF*/
        2: 1046:/*EOF*/
        -: 1047:/*EOF*/
        4: 1048:/*EOF*/
        1: 1049:/*EOF*/
        1: 1050:/*EOF*/
        -: 1051:/*EOF*/
        4: 1052:/*EOF*/
        1: 1053:/*EOF*/
        1: 1054:/*EOF*/
        2: 1055:/*EOF*/
    #####: 1056:/*EOF*/
    #####: 1057:/*EOF*/
        -: 1058:/*EOF*/
        -: 1059:/*EOF*/
        -: 1060:/*EOF*/
        -: 1061:/*EOF*/
    #####: 1062:/*EOF*/
    #####: 1063:/*EOF*/
        -: 1064:/*EOF*/
        -: 1065:/*EOF*/
        -: 1066:/*EOF*/
        1: 1067:/*EOF*/
        1: 1068:/*EOF*/
        -: 1069:/*EOF*/
        1: 1070:/*EOF*/
        1: 1071:/*EOF*/
        1: 1072:/*EOF*/
        -: 1073:/*EOF*/
        2: 1074:/*EOF*/
        2: 1075:/*EOF*/
       10: 1076:/*EOF*/
        6: 1077:/*EOF*/
        6: 1078:/*EOF*/
        6: 1079:/*EOF*/
        6: 1080:/*EOF*/
        6: 1081:/*EOF*/
        6: 1082:/*EOF*/
        6: 1083:/*EOF*/
        6: 1084:/*EOF*/
        6: 1085:/*EOF*/
        6: 1086:/*EOF*/
       12: 1087:/*EOF*/
    #####: 1088:/*EOF*/
        -: 1089:/*EOF*/
        6: 1090:/*EOF*/
        6: 1091:/*EOF*/
        -: 1092:/*EOF*/
        2: 1093:/*EOF*/
        2: 1094:/*EOF*/
        2: 1095:/*EOF*/
        -: 1096:/*EOF*/
        -: 1097:/*EOF*/
        1: 1098:/*EOF*/
        1: 1099:/*EOF*/
        1: 1100:/*EOF*/
        1: 1101:/*EOF*/
        1: 1102:/*EOF*/
        -: 1103:/*EOF*/
        -: 1104:/*EOF*/
        1: 1105:/*EOF*/
        1: 1106:/*EOF*/
        1: 1107:/*EOF*/
        1: 1108:/*EOF*/
        1: 1109:/*EOF*/
        1: 1110:/*EOF*/
        1: 1111:/*EOF*/
        -: 1112:/*EOF*/
        -: 1113:/*EOF*/
        1: 1114:/*EOF*/
        1: 1115:/*EOF*/
        1: 1116:/*EOF*/
        1: 1117:/*EOF*/
        1: 1118:/*EOF*/
        1: 1119:/*EOF*/
        1: 1120:/*EOF*/
        1: 1121:/*EOF*/
        1: 1122:/*EOF*/
        -: 1123:/*EOF*/
        1: 1124:/*EOF*/
        1: 1125:/*EOF*/
        -: 1126:/*EOF*/
        -: 1127:/*EOF*/
        1: 1128:/*EOF*/
        1: 1129:/*EOF*/
        1: 1130:/*EOF*/
        1: 1131:/*EOF*/
        1: 1132:/*EOF*/
        1: 1133:/*EOF*/
        1: 1134:/*EOF*/
        -: 1135:/*EOF*/
        1: 1136:/*EOF*/
        1: 1137:/*EOF*/
        -: 1138:/*EOF*/
        -: 1139:/*EOF*/
        -: 1140:/*EOF*/
        2: 1141:/*EOF*/
        -: 1142:/*EOF*/
        -: 1143:/*EOF*/
        7: 1144:/*EOF*/
        7: 1145:/*EOF*/
        -: 1146:/*EOF*/
        -: 1147:/*EOF*/
        -: 1148:/*EOF*/
        -: 1149:/*EOF*/
        3: 1150:/*EOF*/
        -: 1151:/*EOF*/
        3: 1152:/*EOF*/
        -: 1153:/*EOF*/
        -: 1154:/*EOF*/
        -: 1155:/*EOF*/
        3: 1156:/*EOF*/
        3: 1157:/*EOF*/
        3: 1158:/*EOF*/
        3: 1159:/*EOF*/
        3: 1160:/*EOF*/
        3: 1161:/*EOF*/
        3: 1162:/*EOF*/
        3: 1163:/*EOF*/
        3: 1164:/*EOF*/
        3: 1165:/*EOF*/
        3: 1166:/*EOF*/
        3: 1167:/*EOF*/
        3: 1168:/*EOF*/
        3: 1169:/*EOF*/
        3: 1170:/*EOF*/
        3: 1171:/*EOF*/
        -: 1172:/*EOF*/
        -: 1173:/*EOF*/
        3: 1174:/*EOF*/
        3: 1175:/*EOF*/
        3: 1176:/*EOF*/
        -: 1177:/*EOF*/
       81: 1178:/*EOF*/
       78: 1179:/*EOF*/
        -: 1180:/*EOF*/
        3: 1181:/*EOF*/
        3: 1182:/*EOF*/
        3: 1183:/*EOF*/
        -: 1184:/*EOF*/
        -: 1185:/*EOF*/
    #####: 1186:/*EOF*/
    #####: 1187:/*EOF*/
    #####: 1188:/*EOF*/
        -: 1189:/*EOF*/
    #####: 1190:/*EOF*/
    #####: 1191:/*EOF*/
    #####: 1192:/*EOF*/
    #####: 1193:/*EOF*/
        -: 1194:/*EOF*/
        -: 1195:/*EOF*/
        3: 1196:/*EOF*/
        -: 1197:/*EOF*/
        3: 1198:/*EOF*/
        3: 1199:/*EOF*/
        -: 1200:/*EOF*/
        -: 1201:/*EOF*/
        -: 1202:/*EOF*/
        -: 1203:/*EOF*/
        -: 1204:/*EOF*/
        1: 1205:/*EOF*/
        1: 1206:/*EOF*/
        -: 1207:/*EOF*/
        -: 1208:/*EOF*/
        -: 1209:/*EOF*/
        1: 1210:/*EOF*/
        1: 1211:/*EOF*/
        1: 1212:/*EOF*/
        1: 1213:/*EOF*/
        1: 1214:/*EOF*/
        1: 1215:/*EOF*/
        1: 1216:/*EOF*/
        -: 1217:/*EOF*/
        -: 1218:/*EOF*/
        1: 1219:/*EOF*/
        1: 1220:/*EOF*/
    #####: 1221:/*EOF*/
        -: 1222:/*EOF*/
    #####: 1223:/*EOF*/
    #####: 1224:/*EOF*/
        -: 1225:/*EOF*/
    #####: 1226:/*EOF*/
    #####: 1227:/*EOF*/
    #####: 1228:/*EOF*/
        -: 1229:/*EOF*/
        -: 1230:/*EOF*/
        1: 1231:/*EOF*/
        2: 1232:/*EOF*/
    #####: 1233:/*EOF*/
        -: 1234:/*EOF*/
        1: 1235:/*EOF*/
        1: 1236:/*EOF*/
        1: 1237:/*EOF*/
        1: 1238:/*EOF*/
        -: 1239:/*EOF*/
        -: 1240:/*EOF*/
        1: 1241:/*EOF*/
        -: 1242:/*EOF*/
        1: 1243:/*EOF*/
        -: 1244:/*EOF*/
        -: 1245:/*EOF*/
        -: 1246:/*EOF*/
        1: 1247:/*EOF*/
        1: 1248:/*EOF*/
        -: 1249:/*EOF*/
       16: 1250:/*EOF*/
       14: 1251:/*EOF*/
       14: 1252:/*EOF*/
       14: 1253:/*EOF*/
       14: 1254:/*EOF*/
       14: 1255:/*EOF*/
       14: 1256:/*EOF*/
       14: 1257:/*EOF*/
       14: 1258:/*EOF*/
       14: 1259:/*EOF*/
       14: 1260:/*EOF*/
        -: 1261:/*EOF*/
        3: 1262:/*EOF*/
        3: 1263:/*EOF*/
        -: 1264:/*EOF*/
        -: 1265:/*EOF*/
        7: 1266:/*EOF*/
        7: 1267:/*EOF*/
        -: 1268:/*EOF*/
        -: 1269:/*EOF*/
        2: 1270:/*EOF*/
        2: 1271:/*EOF*/
        -: 1272:/*EOF*/
        -: 1273:/*EOF*/
        1: 1274:/*EOF*/
        1: 1275:/*EOF*/
        -: 1276:/*EOF*/
        -: 1277:/*EOF*/
        1: 1278:/*EOF*/
        1: 1279:/*EOF*/
        -: 1280:/*EOF*/
        1: 1281:/*EOF*/
        -: 1282:/*EOF*/
        -: 1283:/*EOF*/
        1: 1284:/*EOF*/
        1: 1285:/*EOF*/
        1: 1286:/*EOF*/
