        -:    0:Source:RedeSocial.c
        -:    0:Graph:RedeSocial.gcno
        -:    0:Data:RedeSocial.gcda
        -:    0:Runs:1
        -:    0:Programs:1
        -:    1:/*EOF*/
        -:    2:/*EOF*/
        -:    3:/*EOF*/
        -:    4:/*EOF*/
        -:    5:/*EOF*/
        -:    6:/*EOF*/
        -:    7:/*EOF*/
        -:    8:/*EOF*/
        -:    9:/*EOF*/
        -:   10:/*EOF*/
       11:   11:/*EOF*/
        -:   12:/*EOF*/
       11:   13:/*EOF*/
        -:   14:/*EOF*/
       11:   15:/*EOF*/
       55:   16:/*EOF*/
       22:   17:/*EOF*/
        4:   18:/*EOF*/
        -:   19:/*EOF*/
       22:   20:/*EOF*/
        -:   21:/*EOF*/
       11:   22:/*EOF*/
        -:   23:/*EOF*/
        -:   24:/*EOF*/
        -:   25:/*EOF*/
        2:   26:/*EOF*/
        -:   27:/*EOF*/
        -:   28:/*EOF*/
        -:   29:/*EOF*/
        -:   30:/*EOF*/
        2:   31:/*EOF*/
        2:   32:/*EOF*/
       10:   33:/*EOF*/
        4:   34:/*EOF*/
        4:   35:/*EOF*/
       26:   36:/*EOF*/
       11:   37:/*EOF*/
        -:   38:/*EOF*/
        7:   39:/*EOF*/
        -:   40:/*EOF*/
        -:   41:/*EOF*/
        3:   42:/*EOF*/
        3:   43:/*EOF*/
        3:   44:/*EOF*/
        3:   45:/*EOF*/
        2:   46:/*EOF*/
        2:   47:/*EOF*/
        2:   48:/*EOF*/
        -:   49:/*EOF*/
        1:   50:/*EOF*/
        1:   51:/*EOF*/
    #####:   52:/*EOF*/
        -:   53:/*EOF*/
        1:   54:/*EOF*/
        1:   55:/*EOF*/
        1:   56:/*EOF*/
        -:   57:/*EOF*/
        -:   58:/*EOF*/
        -:   59:/*EOF*/
        -:   60:/*EOF*/
       11:   61:/*EOF*/
        -:   62:/*EOF*/
        4:   63:/*EOF*/
        -:   64:/*EOF*/
        -:   65:/*EOF*/
        2:   66:/*EOF*/
        2:   67:/*EOF*/
        2:   68:/*EOF*/
        2:   69:/*EOF*/
    #####:   70:/*EOF*/
        -:   71:/*EOF*/
        2:   72:/*EOF*/
        8:   73:/*EOF*/
        3:   74:/*EOF*/
        3:   75:/*EOF*/
        3:   76:/*EOF*/
        -:   77:/*EOF*/
        2:   78:/*EOF*/
        -:   79:/*EOF*/
        2:   80:/*EOF*/
        -:   81:/*EOF*/
        -:   82:/*EOF*/
        2:   83:/*EOF*/
        -:   84:/*EOF*/
        -:   85:/*EOF*/
        -:   86:/*EOF*/
        1:   87:/*EOF*/
        -:   88:/*EOF*/
        -:   89:/*EOF*/
        -:   90:/*EOF*/
        -:   91:/*EOF*/
        -:   92:/*EOF*/
        1:   93:/*EOF*/
        1:   94:/*EOF*/
        1:   95:/*EOF*/
        -:   96:/*EOF*/
    #####:   97:/*EOF*/
        -:   98:/*EOF*/
        -:   99:/*EOF*/
       27:  100:/*EOF*/
       26:  101:/*EOF*/
       28:  102:/*EOF*/
        1:  103:/*EOF*/
        1:  104:/*EOF*/
        1:  105:/*EOF*/
        1:  106:/*EOF*/
        1:  107:/*EOF*/
        1:  108:/*EOF*/
        1:  109:/*EOF*/
        1:  110:/*EOF*/
        1:  111:/*EOF*/
        -:  112:/*EOF*/
        -:  113:/*EOF*/
    #####:  114:/*EOF*/
    #####:  115:/*EOF*/
    #####:  116:/*EOF*/
    #####:  117:/*EOF*/
        -:  118:/*EOF*/
    #####:  119:/*EOF*/
        -:  120:/*EOF*/
        1:  121:/*EOF*/
        -:  122:/*EOF*/
        -:  123:/*EOF*/
        -:  124:/*EOF*/
        -:  125:/*EOF*/
    #####:  126:/*EOF*/
        -:  127:/*EOF*/
        1:  128:/*EOF*/
        1:  129:/*EOF*/
        -:  130:/*EOF*/
        -:  131:/*EOF*/
        -:  132:/*EOF*/
       19:  133:/*EOF*/
        -:  134:/*EOF*/
       19:  135:/*EOF*/
        -:  136:/*EOF*/
       19:  137:/*EOF*/
       19:  138:/*EOF*/
       19:  139:/*EOF*/
       19:  140:/*EOF*/
     1007:  141:/*EOF*/
      494:  142:/*EOF*/
      494:  143:/*EOF*/
        -:  144:/*EOF*/
       19:  145:/*EOF*/
        -:  146:/*EOF*/
        -:  147:/*EOF*/
        -:  148:/*EOF*/
        -:  149:/*EOF*/
        2:  150:/*EOF*/
        -:  151:/*EOF*/
        -:  152:/*EOF*/
        2:  153:/*EOF*/
        2:  154:/*EOF*/
        1:  155:/*EOF*/
        -:  156:/*EOF*/
        -:  157:/*EOF*/
        -:  158:/*EOF*/
        2:  159:/*EOF*/
        2:  160:/*EOF*/
        -:  161:/*EOF*/
        2:  162:/*EOF*/
        -:  163:/*EOF*/
        -:  164:/*EOF*/
        -:  165:/*EOF*/
        4:  166:/*EOF*/
        -:  167:/*EOF*/
        -:  168:/*EOF*/
        4:  169:/*EOF*/
       14:  170:/*EOF*/
        5:  171:/*EOF*/
        4:  172:/*EOF*/
        3:  173:/*EOF*/
        3:  174:/*EOF*/
        -:  175:/*EOF*/
        4:  176:/*EOF*/
    #####:  177:/*EOF*/
    #####:  178:/*EOF*/
    #####:  179:/*EOF*/
        -:  180:/*EOF*/
        4:  181:/*EOF*/
    #####:  182:/*EOF*/
    #####:  183:/*EOF*/
    #####:  184:/*EOF*/
        -:  185:/*EOF*/
        4:  186:/*EOF*/
        1:  187:/*EOF*/
        1:  188:/*EOF*/
        -:  189:/*EOF*/
        4:  190:/*EOF*/
        -:  191:/*EOF*/
        -:  192:/*EOF*/
        1:  193:/*EOF*/
        -:  194:/*EOF*/
        -:  195:/*EOF*/
        4:  196:/*EOF*/
        4:  197:/*EOF*/
        -:  198:/*EOF*/
    #####:  199:/*EOF*/
        -:  200:/*EOF*/
        4:  201:/*EOF*/
        -:  202:/*EOF*/
        -:  203:/*EOF*/
        -:  204:/*EOF*/
    #####:  205:/*EOF*/
        -:  206:/*EOF*/
        -:  207:/*EOF*/
        -:  208:/*EOF*/
        -:  209:/*EOF*/
        -:  210:/*EOF*/
    #####:  211:/*EOF*/
    #####:  212:/*EOF*/
        -:  213:/*EOF*/
    #####:  214:/*EOF*/
    #####:  215:/*EOF*/
    #####:  216:/*EOF*/
    #####:  217:/*EOF*/
    #####:  218:/*EOF*/
    #####:  219:/*EOF*/
    #####:  220:/*EOF*/
    #####:  221:/*EOF*/
    #####:  222:/*EOF*/
    #####:  223:/*EOF*/
    #####:  224:/*EOF*/
        -:  225:/*EOF*/
    #####:  226:/*EOF*/
    #####:  227:/*EOF*/
    #####:  228:/*EOF*/
    #####:  229:/*EOF*/
        -:  230:/*EOF*/
    #####:  231:/*EOF*/
    #####:  232:/*EOF*/
    #####:  233:/*EOF*/
        -:  234:/*EOF*/
    #####:  235:/*EOF*/
    #####:  236:/*EOF*/
    #####:  237:/*EOF*/
        -:  238:/*EOF*/
        -:  239:/*EOF*/
    #####:  240:/*EOF*/
        -:  241:/*EOF*/
    #####:  242:/*EOF*/
    #####:  243:/*EOF*/
    #####:  244:/*EOF*/
        -:  245:/*EOF*/
    #####:  246:/*EOF*/
    #####:  247:/*EOF*/
    #####:  248:/*EOF*/
    #####:  249:/*EOF*/
    #####:  250:/*EOF*/
        -:  251:/*EOF*/
    #####:  252:/*EOF*/
        -:  253:/*EOF*/
        -:  254:/*EOF*/
    #####:  255:/*EOF*/
        -:  256:/*EOF*/
        -:  257:/*EOF*/
        -:  258:/*EOF*/
        -:  259:/*EOF*/
        -:  260:/*EOF*/
        4:  261:/*EOF*/
        -:  262:/*EOF*/
        -:  263:/*EOF*/
        -:  264:/*EOF*/
        4:  265:/*EOF*/
        4:  266:/*EOF*/
        4:  267:/*EOF*/
        4:  268:/*EOF*/
        4:  269:/*EOF*/
        4:  270:/*EOF*/
        4:  271:/*EOF*/
        4:  272:/*EOF*/
        4:  273:/*EOF*/
        4:  274:/*EOF*/
        3:  275:/*EOF*/
        3:  276:/*EOF*/
        3:  277:/*EOF*/
        -:  278:/*EOF*/
        1:  279:/*EOF*/
        1:  280:/*EOF*/
    #####:  281:/*EOF*/
        -:  282:/*EOF*/
        1:  283:/*EOF*/
        1:  284:/*EOF*/
        1:  285:/*EOF*/
        -:  286:/*EOF*/
        4:  287:/*EOF*/
        -:  288:/*EOF*/
        -:  289:/*EOF*/
        4:  290:/*EOF*/
        4:  291:/*EOF*/
    #####:  292:/*EOF*/
        -:  293:/*EOF*/
        4:  294:/*EOF*/
        4:  295:/*EOF*/
        4:  296:/*EOF*/
        4:  297:/*EOF*/
        4:  298:/*EOF*/
        -:  299:/*EOF*/
        4:  300:/*EOF*/
        -:  301:/*EOF*/
        4:  302:/*EOF*/
        -:  303:/*EOF*/
        -:  304:/*EOF*/
        -:  305:/*EOF*/
        -:  306:/*EOF*/
        5:  307:/*EOF*/
        5:  308:/*EOF*/
        -:  309:/*EOF*/
        5:  310:/*EOF*/
       17:  311:/*EOF*/
        6:  312:/*EOF*/
        -:  313:/*EOF*/
        -:  314:/*EOF*/
        5:  315:/*EOF*/
        5:  316:/*EOF*/
        5:  317:/*EOF*/
        5:  318:/*EOF*/
        5:  319:/*EOF*/
        5:  320:/*EOF*/
        5:  321:/*EOF*/
        4:  322:/*EOF*/
        4:  323:/*EOF*/
        4:  324:/*EOF*/
        -:  325:/*EOF*/
        1:  326:/*EOF*/
        1:  327:/*EOF*/
    #####:  328:/*EOF*/
        -:  329:/*EOF*/
        1:  330:/*EOF*/
        1:  331:/*EOF*/
        1:  332:/*EOF*/
        -:  333:/*EOF*/
        -:  334:/*EOF*/
        -:  335:/*EOF*/
        6:  336:/*EOF*/
        -:  337:/*EOF*/
        -:  338:/*EOF*/
        5:  339:/*EOF*/
        -:  340:/*EOF*/
        -:  341:/*EOF*/
    #####:  342:/*EOF*/
        -:  343:/*EOF*/
        -:  344:/*EOF*/
    #####:  345:/*EOF*/
    #####:  346:/*EOF*/
    #####:  347:/*EOF*/
    #####:  348:/*EOF*/
        -:  349:/*EOF*/
    #####:  350:/*EOF*/
        -:  351:/*EOF*/
        -:  352:/*EOF*/
    #####:  353:/*EOF*/
        -:  354:/*EOF*/
        -:  355:/*EOF*/
        -:  356:/*EOF*/
        -:  357:/*EOF*/
        1:  358:/*EOF*/
        1:  359:/*EOF*/
        -:  360:/*EOF*/
        -:  361:/*EOF*/
        1:  362:/*EOF*/
        5:  363:/*EOF*/
       17:  364:/*EOF*/
       15:  365:/*EOF*/
        2:  366:/*EOF*/
       26:  367:/*EOF*/
       12:  368:/*EOF*/
        -:  369:/*EOF*/
        2:  370:/*EOF*/
        -:  371:/*EOF*/
        -:  372:/*EOF*/
        2:  373:/*EOF*/
        2:  374:/*EOF*/
        2:  375:/*EOF*/
        2:  376:/*EOF*/
        2:  377:/*EOF*/
        2:  378:/*EOF*/
        2:  379:/*EOF*/
        1:  380:/*EOF*/
        1:  381:/*EOF*/
        1:  382:/*EOF*/
        -:  383:/*EOF*/
        1:  384:/*EOF*/
        1:  385:/*EOF*/
    #####:  386:/*EOF*/
        -:  387:/*EOF*/
        1:  388:/*EOF*/
        1:  389:/*EOF*/
        1:  390:/*EOF*/
        -:  391:/*EOF*/
        -:  392:/*EOF*/
        -:  393:/*EOF*/
        -:  394:/*EOF*/
        -:  395:/*EOF*/
        2:  396:/*EOF*/
        -:  397:/*EOF*/
        -:  398:/*EOF*/
        1:  399:/*EOF*/
        -:  400:/*EOF*/
        -:  401:/*EOF*/
        -:  402:/*EOF*/
        -:  403:/*EOF*/
        2:  404:/*EOF*/
        2:  405:/*EOF*/
        -:  406:/*EOF*/
        -:  407:/*EOF*/
        2:  408:/*EOF*/
        2:  409:/*EOF*/
        2:  410:/*EOF*/
        6:  411:/*EOF*/
       10:  412:/*EOF*/
        4:  413:/*EOF*/
        -:  414:/*EOF*/
        -:  415:/*EOF*/
        1:  416:/*EOF*/
        1:  417:/*EOF*/
        1:  418:/*EOF*/
        1:  419:/*EOF*/
        1:  420:/*EOF*/
        1:  421:/*EOF*/
        1:  422:/*EOF*/
        1:  423:/*EOF*/
        1:  424:/*EOF*/
        1:  425:/*EOF*/
        -:  426:/*EOF*/
    #####:  427:/*EOF*/
    #####:  428:/*EOF*/
    #####:  429:/*EOF*/
        -:  430:/*EOF*/
    #####:  431:/*EOF*/
    #####:  432:/*EOF*/
    #####:  433:/*EOF*/
        -:  434:/*EOF*/
        -:  435:/*EOF*/
        -:  436:/*EOF*/
        4:  437:/*EOF*/
        -:  438:/*EOF*/
        2:  439:/*EOF*/
        -:  440:/*EOF*/
        -:  441:/*EOF*/
    #####:  442:/*EOF*/
        -:  443:/*EOF*/
        -:  444:/*EOF*/
        2:  445:/*EOF*/
        -:  446:/*EOF*/
        -:  447:/*EOF*/
        -:  448:/*EOF*/
    #####:  449:/*EOF*/
    #####:  450:/*EOF*/
        -:  451:/*EOF*/
    #####:  452:/*EOF*/
    #####:  453:/*EOF*/
    #####:  454:/*EOF*/
    #####:  455:/*EOF*/
        -:  456:/*EOF*/
        -:  457:/*EOF*/
    #####:  458:/*EOF*/
    #####:  459:/*EOF*/
    #####:  460:/*EOF*/
    #####:  461:/*EOF*/
    #####:  462:/*EOF*/
    #####:  463:/*EOF*/
    #####:  464:/*EOF*/
    #####:  465:/*EOF*/
    #####:  466:/*EOF*/
    #####:  467:/*EOF*/
        -:  468:/*EOF*/
    #####:  469:/*EOF*/
    #####:  470:/*EOF*/
    #####:  471:/*EOF*/
        -:  472:/*EOF*/
    #####:  473:/*EOF*/
    #####:  474:/*EOF*/
    #####:  475:/*EOF*/
        -:  476:/*EOF*/
        -:  477:/*EOF*/
    #####:  478:/*EOF*/
        -:  479:/*EOF*/
        -:  480:/*EOF*/
        -:  481:/*EOF*/
    #####:  482:/*EOF*/
        -:  483:/*EOF*/
        -:  484:/*EOF*/
        -:  485:/*EOF*/
        -:  486:/*EOF*/
        -:  487:/*EOF*/
        2:  488:/*EOF*/
        2:  489:/*EOF*/
        -:  490:/*EOF*/
        -:  491:/*EOF*/
        2:  492:/*EOF*/
    #####:  493:/*EOF*/
        -:  494:/*EOF*/
        2:  495:/*EOF*/
        2:  496:/*EOF*/
        2:  497:/*EOF*/
        -:  498:/*EOF*/
        2:  499:/*EOF*/
        -:  500:/*EOF*/
        -:  501:/*EOF*/
        -:  502:/*EOF*/
        -:  503:/*EOF*/
       17:  504:/*EOF*/
       17:  505:/*EOF*/
       15:  506:/*EOF*/
        -:  507:/*EOF*/
        -:  508:/*EOF*/
        -:  509:/*EOF*/
        2:  510:/*EOF*/
        -:  511:/*EOF*/
        -:  512:/*EOF*/
        -:  513:/*EOF*/
        -:  514:/*EOF*/
       36:  515:/*EOF*/
        -:  516:/*EOF*/
        -:  517:/*EOF*/
        -:  518:/*EOF*/
        -:  519:/*EOF*/
       36:  520:/*EOF*/
       36:  521:/*EOF*/
       36:  522:/*EOF*/
       36:  523:/*EOF*/
       13:  524:/*EOF*/
       43:  525:/*EOF*/
       15:  526:/*EOF*/
       15:  527:/*EOF*/
       15:  528:/*EOF*/
        -:  529:/*EOF*/
       13:  530:/*EOF*/
        -:  531:/*EOF*/
       36:  532:/*EOF*/
    #####:  533:/*EOF*/
    #####:  534:/*EOF*/
        -:  535:/*EOF*/
       36:  536:/*EOF*/
    #####:  537:/*EOF*/
    #####:  538:/*EOF*/
        -:  539:/*EOF*/
       36:  540:/*EOF*/
       36:  541:/*EOF*/
        -:  542:/*EOF*/
       36:  543:/*EOF*/
    #####:  544:/*EOF*/
        -:  545:/*EOF*/
       36:  546:/*EOF*/
       36:  547:/*EOF*/
        -:  548:/*EOF*/
       36:  549:/*EOF*/
        -:  550:/*EOF*/
        -:  551:/*EOF*/
        -:  552:/*EOF*/
       61:  553:/*EOF*/
       61:  554:/*EOF*/
        -:  555:/*EOF*/
        -:  556:/*EOF*/
       61:  557:/*EOF*/
       61:  558:/*EOF*/
     1176:  559:/*EOF*/
      571:  560:/*EOF*/
      693:  561:/*EOF*/
        -:  562:/*EOF*/
       61:  563:/*EOF*/
       61:  564:/*EOF*/
       61:  565:/*EOF*/
       61:  566:/*EOF*/
       34:  567:/*EOF*/
       34:  568:/*EOF*/
       34:  569:/*EOF*/
        -:  570:/*EOF*/
       27:  571:/*EOF*/
       43:  572:/*EOF*/
        8:  573:/*EOF*/
        -:  574:/*EOF*/
       27:  575:/*EOF*/
       27:  576:/*EOF*/
       27:  577:/*EOF*/
        -:  578:/*EOF*/
        -:  579:/*EOF*/
       61:  580:/*EOF*/
       61:  581:/*EOF*/
        -:  582:/*EOF*/
      571:  583:/*EOF*/
        -:  584:/*EOF*/
        -:  585:/*EOF*/
       61:  586:/*EOF*/
        -:  587:/*EOF*/
        -:  588:/*EOF*/
        -:  589:/*EOF*/
       10:  590:/*EOF*/
        -:  591:/*EOF*/
        -:  592:/*EOF*/
        -:  593:/*EOF*/
        -:  594:/*EOF*/
       10:  595:/*EOF*/
      243:  596:/*EOF*/
      234:  597:/*EOF*/
      294:  598:/*EOF*/
       30:  599:/*EOF*/
       30:  600:/*EOF*/
        -:  601:/*EOF*/
        -:  602:/*EOF*/
        9:  603:/*EOF*/
        9:  604:/*EOF*/
        9:  605:/*EOF*/
        9:  606:/*EOF*/
        -:  607:/*EOF*/
       10:  608:/*EOF*/
        -:  609:/*EOF*/
        -:  610:/*EOF*/
    #####:  611:/*EOF*/
    #####:  612:/*EOF*/
        -:  613:/*EOF*/
        -:  614:/*EOF*/
    #####:  615:/*EOF*/
    #####:  616:/*EOF*/
    #####:  617:/*EOF*/
    #####:  618:/*EOF*/
    #####:  619:/*EOF*/
    #####:  620:/*EOF*/
    #####:  621:/*EOF*/
    #####:  622:/*EOF*/
    #####:  623:/*EOF*/
    #####:  624:/*EOF*/
    #####:  625:/*EOF*/
        -:  626:/*EOF*/
        -:  627:/*EOF*/
        -:  628:/*EOF*/
    #####:  629:/*EOF*/
        -:  630:/*EOF*/
    #####:  631:/*EOF*/
        -:  632:/*EOF*/
        -:  633:/*EOF*/
    #####:  634:/*EOF*/
        -:  635:/*EOF*/
    #####:  636:/*EOF*/
        -:  637:/*EOF*/
        -:  638:/*EOF*/
    #####:  639:/*EOF*/
        -:  640:/*EOF*/
        -:  641:/*EOF*/
    #####:  642:/*EOF*/
    #####:  643:/*EOF*/
    #####:  644:/*EOF*/
    #####:  645:/*EOF*/
    #####:  646:/*EOF*/
    #####:  647:/*EOF*/
        -:  648:/*EOF*/
        -:  649:/*EOF*/
        -:  650:/*EOF*/
    #####:  651:/*EOF*/
        -:  652:/*EOF*/
    #####:  653:/*EOF*/
        -:  654:/*EOF*/
        -:  655:/*EOF*/
    #####:  656:/*EOF*/
        -:  657:/*EOF*/
        -:  658:/*EOF*/
    #####:  659:/*EOF*/
    #####:  660:/*EOF*/
    #####:  661:/*EOF*/
        -:  662:/*EOF*/
        -:  663:/*EOF*/
    #####:  664:/*EOF*/
    #####:  665:/*EOF*/
    #####:  666:/*EOF*/
    #####:  667:/*EOF*/
        -:  668:/*EOF*/
    #####:  669:/*EOF*/
        -:  670:/*EOF*/
    #####:  671:/*EOF*/
        -:  672:/*EOF*/
        -:  673:/*EOF*/
        -:  674:/*EOF*/
       33:  675:/*EOF*/
        -:  676:/*EOF*/
       33:  677:/*EOF*/
        -:  678:/*EOF*/
        -:  679:/*EOF*/
       33:  680:/*EOF*/
       33:  681:/*EOF*/
       97:  682:/*EOF*/
       32:  683:/*EOF*/
       32:  684:/*EOF*/
       32:  685:/*EOF*/
        -:  686:/*EOF*/
       32:  687:/*EOF*/
        -:  688:/*EOF*/
       33:  689:/*EOF*/
        -:  690:/*EOF*/
       32:  691:/*EOF*/
        -:  692:/*EOF*/
        -:  693:/*EOF*/
        -:  694:/*EOF*/
        1:  695:/*EOF*/
        -:  696:/*EOF*/
        -:  697:/*EOF*/
        -:  698:/*EOF*/
        -:  699:/*EOF*/
        -:  700:/*EOF*/
    #####:  701:/*EOF*/
        -:  702:/*EOF*/
    #####:  703:/*EOF*/
        -:  704:/*EOF*/
        -:  705:/*EOF*/
        -:  706:/*EOF*/
    #####:  707:/*EOF*/
    #####:  708:/*EOF*/
    #####:  709:/*EOF*/
        -:  710:/*EOF*/
    #####:  711:/*EOF*/
    #####:  712:/*EOF*/
    #####:  713:/*EOF*/
    #####:  714:/*EOF*/
    #####:  715:/*EOF*/
    #####:  716:/*EOF*/
        -:  717:/*EOF*/
    #####:  718:/*EOF*/
        -:  719:/*EOF*/
    #####:  720:/*EOF*/
        -:  721:/*EOF*/
    #####:  722:/*EOF*/
        -:  723:/*EOF*/
        -:  724:/*EOF*/
        -:  725:/*EOF*/
    #####:  726:/*EOF*/
        -:  727:/*EOF*/
        -:  728:/*EOF*/
        -:  729:/*EOF*/
        -:  730:/*EOF*/
       30:  731:/*EOF*/
        -:  732:/*EOF*/
        -:  733:/*EOF*/
        -:  734:/*EOF*/
       30:  735:/*EOF*/
       30:  736:/*EOF*/
       30:  737:/*EOF*/
       90:  738:/*EOF*/
       30:  739:/*EOF*/
       30:  740:/*EOF*/
       30:  741:/*EOF*/
       30:  742:/*EOF*/
        -:  743:/*EOF*/
       30:  744:/*EOF*/
    #####:  745:/*EOF*/
    #####:  746:/*EOF*/
    #####:  747:/*EOF*/
        -:  748:/*EOF*/
       30:  749:/*EOF*/
    #####:  750:/*EOF*/
    #####:  751:/*EOF*/
    #####:  752:/*EOF*/
        -:  753:/*EOF*/
       30:  754:/*EOF*/
       30:  755:/*EOF*/
        -:  756:/*EOF*/
        -:  757:/*EOF*/
    #####:  758:/*EOF*/
        -:  759:/*EOF*/
        -:  760:/*EOF*/
       30:  761:/*EOF*/
       15:  762:/*EOF*/
        -:  763:/*EOF*/
        -:  764:/*EOF*/
    #####:  765:/*EOF*/
        -:  766:/*EOF*/
       30:  767:/*EOF*/
        -:  768:/*EOF*/
        -:  769:/*EOF*/
       30:  770:/*EOF*/
        -:  771:/*EOF*/
        -:  772:/*EOF*/
        -:  773:/*EOF*/
       30:  774:/*EOF*/
        -:  775:/*EOF*/
       30:  776:/*EOF*/
       30:  777:/*EOF*/
       30:  778:/*EOF*/
       30:  779:/*EOF*/
       30:  780:/*EOF*/
       30:  781:/*EOF*/
       30:  782:/*EOF*/
       30:  783:/*EOF*/
        -:  784:/*EOF*/
        -:  785:/*EOF*/
    #####:  786:/*EOF*/
    #####:  787:/*EOF*/
    #####:  788:/*EOF*/
        -:  789:/*EOF*/
    #####:  790:/*EOF*/
    #####:  791:/*EOF*/
    #####:  792:/*EOF*/
        -:  793:/*EOF*/
        -:  794:/*EOF*/
       30:  795:/*EOF*/
       30:  796:/*EOF*/
       15:  797:/*EOF*/
        -:  798:/*EOF*/
        -:  799:/*EOF*/
    #####:  800:/*EOF*/
        -:  801:/*EOF*/
       30:  802:/*EOF*/
        -:  803:/*EOF*/
        -:  804:/*EOF*/
        -:  805:/*EOF*/
      166:  806:/*EOF*/
      166:  807:/*EOF*/
        -:  808:/*EOF*/
     4772:  809:/*EOF*/
     2303:  810:/*EOF*/
      166:  811:/*EOF*/
      166:  812:/*EOF*/
        -:  813:/*EOF*/
        -:  814:/*EOF*/
     2137:  815:/*EOF*/
        -:  816:/*EOF*/
        -:  817:/*EOF*/
      166:  818:/*EOF*/
        -:  819:/*EOF*/
        -:  820:/*EOF*/
        -:  821:/*EOF*/
        -:  822:/*EOF*/
        1:  823:/*EOF*/
        -:  824:/*EOF*/
        -:  825:/*EOF*/
        -:  826:/*EOF*/
        1:  827:/*EOF*/
        1:  828:/*EOF*/
        1:  829:/*EOF*/
        1:  830:/*EOF*/
    #####:  831:/*EOF*/
    #####:  832:/*EOF*/
    #####:  833:/*EOF*/
        -:  834:/*EOF*/
        1:  835:/*EOF*/
        -:  836:/*EOF*/
        1:  837:/*EOF*/
        -:  838:/*EOF*/
        -:  839:/*EOF*/
        -:  840:/*EOF*/
        -:  841:/*EOF*/
        1:  842:/*EOF*/
        1:  843:/*EOF*/
        -:  844:/*EOF*/
        1:  845:/*EOF*/
        -:  846:/*EOF*/
        -:  847:/*EOF*/
        -:  848:/*EOF*/
        -:  849:/*EOF*/
        1:  850:/*EOF*/
        1:  851:/*EOF*/
        -:  852:/*EOF*/
        1:  853:/*EOF*/
        -:  854:/*EOF*/
        -:  855:/*EOF*/
        -:  856:/*EOF*/
        -:  857:/*EOF*/
        1:  858:/*EOF*/
        1:  859:/*EOF*/
        -:  860:/*EOF*/
        1:  861:/*EOF*/
        -:  862:/*EOF*/
        -:  863:/*EOF*/
        -:  864:/*EOF*/
        -:  865:/*EOF*/
    #####:  866:/*EOF*/
    #####:  867:/*EOF*/
        -:  868:/*EOF*/
    #####:  869:/*EOF*/
    #####:  870:/*EOF*/
        -:  871:/*EOF*/
        -:  872:/*EOF*/
        -:  873:/*EOF*/
    #####:  874:/*EOF*/
    #####:  875:/*EOF*/
    #####:  876:/*EOF*/
    #####:  877:/*EOF*/
    #####:  878:/*EOF*/
    #####:  879:/*EOF*/
        -:  880:/*EOF*/
    #####:  881:/*EOF*/
    #####:  882:/*EOF*/
    #####:  883:/*EOF*/
    #####:  884:/*EOF*/
    #####:  885:/*EOF*/
    #####:  886:/*EOF*/
    #####:  887:/*EOF*/
    #####:  888:/*EOF*/
    #####:  889:/*EOF*/
    #####:  890:/*EOF*/
    #####:  891:/*EOF*/
    #####:  892:/*EOF*/
    #####:  893:/*EOF*/
    #####:  894:/*EOF*/
        -:  895:/*EOF*/
    #####:  896:/*EOF*/
    #####:  897:/*EOF*/
    #####:  898:/*EOF*/
    #####:  899:/*EOF*/
    #####:  900:/*EOF*/
    #####:  901:/*EOF*/
    #####:  902:/*EOF*/
    #####:  903:/*EOF*/
    #####:  904:/*EOF*/
        -:  905:/*EOF*/
    #####:  906:/*EOF*/
    #####:  907:/*EOF*/
        -:  908:/*EOF*/
    #####:  909:/*EOF*/
        -:  910:/*EOF*/
        -:  911:/*EOF*/
    #####:  912:/*EOF*/
    #####:  913:/*EOF*/
    #####:  914:/*EOF*/
        -:  915:/*EOF*/
    #####:  916:/*EOF*/
    #####:  917:/*EOF*/
        -:  918:/*EOF*/
        -:  919:/*EOF*/
    #####:  920:/*EOF*/
    #####:  921:/*EOF*/
    #####:  922:/*EOF*/
        -:  923:/*EOF*/
    #####:  924:/*EOF*/
    #####:  925:/*EOF*/
        -:  926:/*EOF*/
        -:  927:/*EOF*/
    #####:  928:/*EOF*/
    #####:  929:/*EOF*/
    #####:  930:/*EOF*/
        -:  931:/*EOF*/
    #####:  932:/*EOF*/
    #####:  933:/*EOF*/
        -:  934:/*EOF*/
        -:  935:/*EOF*/
    #####:  936:/*EOF*/
    #####:  937:/*EOF*/
    #####:  938:/*EOF*/
    #####:  939:/*EOF*/
    #####:  940:/*EOF*/
    #####:  941:/*EOF*/
    #####:  942:/*EOF*/
    #####:  943:/*EOF*/
    #####:  944:/*EOF*/
    #####:  945:/*EOF*/
    #####:  946:/*EOF*/
    #####:  947:/*EOF*/
    #####:  948:/*EOF*/
    #####:  949:/*EOF*/
    #####:  950:/*EOF*/
    #####:  951:/*EOF*/
    #####:  952:/*EOF*/
    #####:  953:/*EOF*/
    #####:  954:/*EOF*/
    #####:  955:/*EOF*/
        -:  956:/*EOF*/
    #####:  957:/*EOF*/
    #####:  958:/*EOF*/
    #####:  959:/*EOF*/
        -:  960:/*EOF*/
        -:  961:/*EOF*/
    #####:  962:/*EOF*/
        -:  963:/*EOF*/
        -:  964:/*EOF*/
    #####:  965:/*EOF*/
    #####:  966:/*EOF*/
        -:  967:/*EOF*/
        -:  968:/*EOF*/
        -:  969:/*EOF*/
    #####:  970:/*EOF*/
        -:  971:/*EOF*/
    #####:  972:/*EOF*/
    #####:  973:/*EOF*/
    #####:  974:/*EOF*/
        -:  975:/*EOF*/
    #####:  976:/*EOF*/
    #####:  977:/*EOF*/
    #####:  978:/*EOF*/
    #####:  979:/*EOF*/
    #####:  980:/*EOF*/
    #####:  981:/*EOF*/
    #####:  982:/*EOF*/
    #####:  983:/*EOF*/
    #####:  984:/*EOF*/
    #####:  985:/*EOF*/
    #####:  986:/*EOF*/
    #####:  987:/*EOF*/
    #####:  988:/*EOF*/
    #####:  989:/*EOF*/
        -:  990:/*EOF*/
    #####:  991:/*EOF*/
    #####:  992:/*EOF*/
        -:  993:/*EOF*/
    #####:  994:/*EOF*/
    #####:  995:/*EOF*/
    #####:  996:/*EOF*/
    #####:  997:/*EOF*/
        -:  998:/*EOF*/
        -:  999:/*EOF*/
    #####: 1000:/*EOF*/
    #####: 1001:/*EOF*/
    #####: 1002:/*EOF*/
    #####: 1003:/*EOF*/
    #####: 1004:/*EOF*/
        -: 1005:/*EOF*/
        -: 1006:/*EOF*/
    #####: 1007:/*EOF*/
    #####: 1008:/*EOF*/
    #####: 1009:/*EOF*/
    #####: 1010:/*EOF*/
    #####: 1011:/*EOF*/
    #####: 1012:/*EOF*/
    #####: 1013:/*EOF*/
        -: 1014:/*EOF*/
        -: 1015:/*EOF*/
    #####: 1016:/*EOF*/
    #####: 1017:/*EOF*/
    #####: 1018:/*EOF*/
    #####: 1019:/*EOF*/
    #####: 1020:/*EOF*/
    #####: 1021:/*EOF*/
    #####: 1022:/*EOF*/
    #####: 1023:/*EOF*/
        -: 1024:/*EOF*/
    #####: 1025:/*EOF*/
        -: 1026:/*EOF*/
    #####: 1027:/*EOF*/
    #####: 1028:/*EOF*/
        -: 1029:/*EOF*/
        -: 1030:/*EOF*/
    #####: 1031:/*EOF*/
    #####: 1032:/*EOF*/
    #####: 1033:/*EOF*/
    #####: 1034:/*EOF*/
    #####: 1035:/*EOF*/
    #####: 1036:/*EOF*/
        -: 1037:/*EOF*/
    #####: 1038:/*EOF*/
        -: 1039:/*EOF*/
    #####: 1040:/*EOF*/
    #####: 1041:/*EOF*/
        -: 1042:/*EOF*/
        -: 1043:/*EOF*/
        -: 1044:/*EOF*/
    #####: 1045:/*EOF*/
        -: 1046:/*EOF*/
        -: 1047:/*EOF*/
    #####: 1048:/*EOF*/
    #####: 1049:/*EOF*/
        -: 1050:/*EOF*/
        -: 1051:/*EOF*/
        -: 1052:/*EOF*/
        -: 1053:/*EOF*/
    #####: 1054:/*EOF*/
        -: 1055:/*EOF*/
    #####: 1056:/*EOF*/
        -: 1057:/*EOF*/
        -: 1058:/*EOF*/
        -: 1059:/*EOF*/
    #####: 1060:/*EOF*/
    #####: 1061:/*EOF*/
    #####: 1062:/*EOF*/
    #####: 1063:/*EOF*/
    #####: 1064:/*EOF*/
    #####: 1065:/*EOF*/
    #####: 1066:/*EOF*/
    #####: 1067:/*EOF*/
    #####: 1068:/*EOF*/
    #####: 1069:/*EOF*/
    #####: 1070:/*EOF*/
    #####: 1071:/*EOF*/
    #####: 1072:/*EOF*/
    #####: 1073:/*EOF*/
    #####: 1074:/*EOF*/
    #####: 1075:/*EOF*/
        -: 1076:/*EOF*/
        -: 1077:/*EOF*/
    #####: 1078:/*EOF*/
    #####: 1079:/*EOF*/
    #####: 1080:/*EOF*/
        -: 1081:/*EOF*/
    #####: 1082:/*EOF*/
    #####: 1083:/*EOF*/
        -: 1084:/*EOF*/
    #####: 1085:/*EOF*/
    #####: 1086:/*EOF*/
    #####: 1087:/*EOF*/
        -: 1088:/*EOF*/
        -: 1089:/*EOF*/
    #####: 1090:/*EOF*/
    #####: 1091:/*EOF*/
    #####: 1092:/*EOF*/
        -: 1093:/*EOF*/
    #####: 1094:/*EOF*/
    #####: 1095:/*EOF*/
    #####: 1096:/*EOF*/
    #####: 1097:/*EOF*/
        -: 1098:/*EOF*/
        -: 1099:/*EOF*/
    #####: 1100:/*EOF*/
        -: 1101:/*EOF*/
    #####: 1102:/*EOF*/
        -: 1103:/*EOF*/
        -: 1104:/*EOF*/
        -: 1105:/*EOF*/
        -: 1106:/*EOF*/
        -: 1107:/*EOF*/
       36: 1108:/*EOF*/
       36: 1109:/*EOF*/
        -: 1110:/*EOF*/
        -: 1111:/*EOF*/
        -: 1112:/*EOF*/
       36: 1113:/*EOF*/
       36: 1114:/*EOF*/
       36: 1115:/*EOF*/
       36: 1116:/*EOF*/
       36: 1117:/*EOF*/
       36: 1118:/*EOF*/
       36: 1119:/*EOF*/
        -: 1120:/*EOF*/
        -: 1121:/*EOF*/
       36: 1122:/*EOF*/
       36: 1123:/*EOF*/
       36: 1124:/*EOF*/
        -: 1125:/*EOF*/
      972: 1126:/*EOF*/
      936: 1127:/*EOF*/
        -: 1128:/*EOF*/
       36: 1129:/*EOF*/
       36: 1130:/*EOF*/
       36: 1131:/*EOF*/
        -: 1132:/*EOF*/
        -: 1133:/*EOF*/
    #####: 1134:/*EOF*/
    #####: 1135:/*EOF*/
    #####: 1136:/*EOF*/
        -: 1137:/*EOF*/
    #####: 1138:/*EOF*/
    #####: 1139:/*EOF*/
    #####: 1140:/*EOF*/
    #####: 1141:/*EOF*/
        -: 1142:/*EOF*/
        -: 1143:/*EOF*/
       36: 1144:/*EOF*/
        -: 1145:/*EOF*/
       36: 1146:/*EOF*/
        -: 1147:/*EOF*/
        -: 1148:/*EOF*/
        -: 1149:/*EOF*/
    #####: 1150:/*EOF*/
        -: 1151:/*EOF*/
    #####: 1152:/*EOF*/
        -: 1153:/*EOF*/
    #####: 1154:/*EOF*/
    #####: 1155:/*EOF*/
    #####: 1156:/*EOF*/
    #####: 1157:/*EOF*/
    #####: 1158:/*EOF*/
    #####: 1159:/*EOF*/
    #####: 1160:/*EOF*/
    #####: 1161:/*EOF*/
    #####: 1162:/*EOF*/
    #####: 1163:/*EOF*/
    #####: 1164:/*EOF*/
    #####: 1165:/*EOF*/
        -: 1166:/*EOF*/
    #####: 1167:/*EOF*/
    #####: 1168:/*EOF*/
        -: 1169:/*EOF*/
        -: 1170:/*EOF*/
    #####: 1171:/*EOF*/
    #####: 1172:/*EOF*/
        -: 1173:/*EOF*/
        -: 1174:/*EOF*/
    #####: 1175:/*EOF*/
    #####: 1176:/*EOF*/
        -: 1177:/*EOF*/
        -: 1178:/*EOF*/
    #####: 1179:/*EOF*/
    #####: 1180:/*EOF*/
        -: 1181:/*EOF*/
        -: 1182:/*EOF*/
    #####: 1183:/*EOF*/
    #####: 1184:/*EOF*/
